C51 COMPILER V8.08   DELAY                                                                 12/15/2025 19:53:30 PAGE 1   


C51 COMPILER V8.08, COMPILATION OF MODULE DELAY
OBJECT MODULE PLACED IN ..\obj\delay.obj
COMPILER INVOKED BY: C:\Keil\C51\BIN\C51.EXE ..\stclib\delay.c LARGE BROWSE INCDIR(..\app;..\hardware\I2C;..\hardware\TM
                    -P119;..\hardware\UART1;..\stclib) DEBUG OBJECTEXTEND PRINT(..\list\delay.lst) OBJECT(..\obj\delay.obj)

line level    source

   1          /**********************************************************************  
   2          * Ļęňĺ√Ż≥∆ : ∂ę›ł –…ŌĻŇ ĪīķĶÁ◊”ľľ ű”–ŌřĻęňĺ
   3          * ń£Ņť√Ż≥∆ £ļ—” ĪļĮ ż
   4          * ŌĶÕ≥÷ų∆Ķ : 22.1184 MHz
   5          * īīĹ®»ň   : eysmcu
   6          * –řłń»ň   : eysmcu 
   7          * īīĹ®»’∆ŕ : 2025ńÍ5‘¬4»’
   8          * ĶÍ∆ŐĶō÷∑ : http://mindesigner.taobao.com
   9          * Ő‘Ī¶IDļŇ : eysmcu
  10          
  11                                                           Copyright(C) …ŌĻŇ Īīķ
  12          ***********************************************************************/
  13          
  14          #include "delay.h"
  15          
  16          
  17          /**********************************************************************
  18          * ļĮ  ż : delay_1us(void)
  19          * Ļ¶ ń‹ : 1us—” ĪļĮ ż
  20          *  š »Ž : őř
  21          *  š ≥Ų £ļőř
  22          * ňĶ √ų : őř
  23          ***********************************************************************/
  24          void delay_1us(void)    //1us@22.1184MHz
  25          {
  26   1              unsigned char data i;
  27   1      
  28   1              _nop_();
  29   1              _nop_();
  30   1              i = 2;
  31   1              while (--i);
  32   1      }
  33          
  34          /**********************************************************************
  35          * ļĮ  ż : delay_2us(void)
  36          * Ļ¶ ń‹ : 2us—” ĪļĮ ż
  37          *  š »Ž : őř
  38          *  š ≥Ų £ļőř
  39          * ňĶ √ų : őř
  40          ***********************************************************************/
  41          void delay_2us(void)    //2us@22.1184MHz
  42          {
  43   1              unsigned char data i;
  44   1      
  45   1              i = 8;
  46   1              while (--i);
  47   1      }
  48          /**********************************************************************
  49          * ļĮ  ż : delay_3us(void)
  50          * Ļ¶ ń‹ : 3us—” ĪļĮ ż
  51          *  š »Ž : őř
  52          *  š ≥Ų £ļőř
  53          * ňĶ √ų : őř
  54          ***********************************************************************/
C51 COMPILER V8.08   DELAY                                                                 12/15/2025 19:53:30 PAGE 2   

  55          void delay_3us(void)    //3us@22.1184MHz
  56          {
  57   1              unsigned char data i;
  58   1      
  59   1              _nop_();
  60   1              _nop_();
  61   1              i = 13;
  62   1              while (--i);
  63   1      }
  64          /**********************************************************************
  65          * ļĮ  ż : delay_4us(void)
  66          * Ļ¶ ń‹ : 4us—” ĪļĮ ż
  67          *  š »Ž : őř
  68          *  š ≥Ų £ļőř
  69          * ňĶ √ų : őř
  70          ***********************************************************************/
  71          void delay_4us(void)    //4us@22.1184MHz
  72          {
  73   1              unsigned char data i;
  74   1      
  75   1              i = 19;
  76   1              while (--i);
  77   1      }
  78          /**********************************************************************
  79          * ļĮ  ż : delay_5us(void)
  80          * Ļ¶ ń‹ : 5us—” ĪļĮ ż
  81          *  š »Ž : őř
  82          *  š ≥Ų £ļőř
  83          * ňĶ √ų : őř
  84          ***********************************************************************/
  85          void delay_5us(void)    //5us@22.1184MHz
  86          {
  87   1              unsigned char data i;
  88   1      
  89   1              _nop_();
  90   1              _nop_();
  91   1              _nop_();
  92   1              i = 24;
  93   1              while (--i);
  94   1      }
  95          /**********************************************************************
  96          * ļĮ  ż : delay_10us(void)
  97          * Ļ¶ ń‹ : 10us—” ĪļĮ ż
  98          *  š »Ž : őř
  99          *  š ≥Ų £ļőř
 100          * ňĶ √ų : őř
 101          ***********************************************************************/
 102          void delay_10us(void)   //10@22.1184MHz
 103          {
 104   1              unsigned char data i;
 105   1      
 106   1              _nop_();
 107   1              i = 52;
 108   1              while (--i);
 109   1      }
 110          /**********************************************************************
 111          * ļĮ  ż : delay_15us(void)
 112          * Ļ¶ ń‹ : 15us—” ĪļĮ ż
 113          *  š »Ž : őř
 114          *  š ≥Ų £ļőř
 115          * ňĶ √ų : őř
 116          ***********************************************************************/
C51 COMPILER V8.08   DELAY                                                                 12/15/2025 19:53:30 PAGE 3   

 117          void delay_15us(void)   //15us@22.1184MHz
 118          {
 119   1              unsigned char data i;
 120   1      
 121   1              i = 80;
 122   1              while (--i);
 123   1      }
 124          
 125          /**********************************************************************
 126          * ļĮ  ż : delay_ms(unsigned int ms)
 127          * Ļ¶ ń‹ : ms—” ĪļĮ ż
 128          *  š »Ž : őř
 129          *  š ≥Ų £ļőř
 130          * ňĶ √ų : őř
 131          ***********************************************************************/
 132          void delay_ms(unsigned int ms)
 133          {
 134   1          unsigned int i= 0, j = 0;
 135   1          for(i = 0; i < ms; i ++)
 136   1          {
 137   2              for(j = 0; j < 1148; j ++)      // 22.1184MHzŌ¬Ķń–£◊ľ÷Ķ
 138   2              {
 139   3                  _nop_();                            // ÷ī––Ņ’÷łŃÓ£®‘ľ1łŲĽķ∆ų÷‹∆ŕ£©
 140   3                  _nop_();
 141   3                  _nop_();
 142   3                  _nop_();
 143   3              }
 144   2          }
 145   1      }
 146          


MODULE INFORMATION:   STATIC OVERLAYABLE
   CODE SIZE        =     93    ----
   CONSTANT SIZE    =   ----    ----
   XDATA SIZE       =   ----    ----
   PDATA SIZE       =   ----    ----
   DATA SIZE        =   ----       7
   IDATA SIZE       =   ----    ----
   BIT SIZE         =   ----    ----
END OF MODULE INFORMATION.


C51 COMPILATION COMPLETE.  0 WARNING(S),  0 ERROR(S)
