C51 COMPILER V8.08   TMP119_EVM                                                            12/15/2025 19:53:30 PAGE 1   


C51 COMPILER V8.08, COMPILATION OF MODULE TMP119_EVM
OBJECT MODULE PLACED IN ..\obj\TMP119_EVM.obj
COMPILER INVOKED BY: C:\Keil\C51\BIN\C51.EXE ..\hardware\TMP119\TMP119_EVM.c LARGE BROWSE INCDIR(..\app;..\hardware\I2C;
                    -..\hardware\TMP119;..\hardware\UART1;..\stclib) DEBUG OBJECTEXTEND PRINT(..\list\TMP119_EVM.lst) OBJECT(..\obj\TMP119_EV
                    -M.obj)

line level    source

   1          /**********************************************************************  
   2          * №«ЛҫГыіЖ : ¶«ЭёКРЙП№ЕКұҙъөзЧУјјКхУРПЮ№«Лҫ
   3          * ДЈҝйГыіЖ ЈәTMP119 Зэ¶ҜіМРт
   4          * ПөНіЦчЖө : 22.1184 MHz
   5          * ҙҙҪЁИЛ   : eysmcu
   6          * РЮёДИЛ   : eysmcu 
   7          * ҙҙҪЁИХЖЪ : 2025Дк5ФВ4ИХ
   8          * өкЖМөШЦ· : http://mindesigner.taobao.com
   9          * МФұҰIDәЕ : eysmcu
  10          * ЦШТӘЙщГч ЈәұҫАэіМОӘ¶«ЭёКРЙП№ЕКұҙъөзЧУјјКхУРПЮ№«ЛҫФӯҙҙЈ¬ұҫіМРтЦ»№©С§П°
  11          К№УГЈ¬ОҙҫӯЧчХЯРнҝЙЈ¬І»өГУГУЪЖдЛьИОәОУГНҫЈ¬ЧӘФШЗеЧўГчіцҙҰЈЎЈЎЈЎ
  12          
  13                                                           Copyright(C) ЙП№ЕКұҙъ
  14          ***********************************************************************/
  15          
  16          #include "TMP119_EVM.h"
  17          
  18          /***************************јДҙжЖч¶ЁТе*********************************/
  19          
  20          union REG_RESULT RESULT_REG;                            //ЧӘ»»Ҫб№ыјДҙжЖч
  21          union REG_CFG CFG_REG;                                          //ЕдЦГјДҙжЖч
  22          union REG_H_LIMIT H_LIMIT_REG;                          //ЙППЮјДҙжЖч
  23          union REG_L_LIMIT L_LIMIT_REG;                          //ПВПЮјДҙжЖч
  24          union REG_EEPROM_UL EEPROM_UL_REG;                      //EEPROM ҪвЛшјДҙжЖч
  25          union REG_EEPROM1 EEPROM1_REG;                          //EEPROM1 јДҙжЖч
  26          union REG_EEPROM2 EEPROM2_REG;                          //EEPROM2 јДҙжЖч
  27          union REG_T_OFFSET T_OFFSET_REG;                        //ОВ¶ИЖ«ТЖјДҙжЖч
  28          union REG_EEPROM3 EEPROM3_REG;                          //EEPROM3 јДҙжЖч
  29          union REG_DEVICE_ID DEVICE_ID_REG;                      //Жчјю ID јДҙжЖч
  30          
  31          /**********************************************************************
  32          * ГыіЖ : TMP119_Write_Register(uint8_t nSLA,REG_Def nReg,uint16_t value)
  33          * №ҰДЬ : РҙјДҙжЖчәҜКэ
  34          * КдИл : nSLA -- ЙиұёөШЦ·
  35                           nReg -- јДҙжЖч
  36                           value -- КэҫЭ
  37          * Кдіц ЈәОЮ
  38          * ЛөГч : ОЮ
  39          ***********************************************************************/
  40          void TMP119_Write_Register(uint8_t nSLA,REG_Def nReg,uint16_t value)
  41          {
  42   1              I2C_Buffer[0] = nReg;                                   //СЎФсТӘРҙИлөДјДҙжЖч
  43   1              I2C_Buffer[1] = value >> 8;             
  44   1              I2C_Buffer[2] = value >> 0;
  45   1              ANT_I2C_Wtite_nByte(nSLA,I2C_Buffer,3); 
  46   1      }
  47          /**********************************************************************
  48          * ГыіЖ : TMP119_Read_Register(uint8_t nSLA,REG_Def nReg)
  49          * №ҰДЬ : ҙУЦё¶ЁјДҙжЖч¶БКэҫЭ
  50          * КдИл : nSLA -- ЙиұёөШЦ·
  51                           nReg -- Цё¶ЁјДҙжЖч
  52          * Кдіц Јәreg_value -- јДҙжЖчКэҫЭ
  53          * ЛөГч : ОЮ
C51 COMPILER V8.08   TMP119_EVM                                                            12/15/2025 19:53:30 PAGE 2   

  54          ***********************************************************************/
  55          uint16_t TMP119_Read_Register(uint8_t nSLA,REG_Def nReg)
  56          {
  57   1              uint16_t reg_value = 0x00;
  58   1      
  59   1              I2C_Buffer[0] = nReg;                                   //СЎФсТӘ¶БИЎөДјДҙжЖч
  60   1              ANT_I2C_Wtite_nByte(nSLA,I2C_Buffer,1); //РҙPointer Register
  61   1              delay_15us();                                                   //СУКұ15us
  62   1              ANT_I2C_Read_nByte(nSLA,I2C_Buffer,2);  //¶БјДҙжЖч
  63   1              
  64   1              reg_value = I2C_Buffer[0];                              //ЧйәПКэҫЭ 
  65   1              reg_value = (reg_value << 8) + I2C_Buffer[1];
  66   1              
  67   1              return reg_value;
  68   1      }
  69          /**********************************************************************
  70          * ГыіЖ : TMP119_SoftReset(void)
  71          * №ҰДЬ : ИнёҙО»әҜКэ
  72          * КдИл : ОЮ
  73          * Кдіц ЈәОЮ
  74          * ЛөГч : ОЮ
  75          ***********************************************************************/
  76          void TMP119_SoftReset(void)
  77          {
  78   1              CFG_REG.WORD = 0x00;                                    //ёҙО»јДҙжЖч
  79   1              CFG_REG.BIT.Soft_Reset = 1;                             //ЙиЦГИнёҙО»
  80   1              
  81   1              TMP119_Write_Register(TMP_SLA,REG_Configuration,CFG_REG.WORD);                          //Жф¶ҜИнёҙО»
  82   1      }
  83          /**********************************************************************
  84          * ГыіЖ : TMP119_Write_CFG_Register(MOD_Def cMode,uint8_t cRate,AVG_Def nAVG)
  85          * №ҰДЬ : РҙЕдЦГјДҙжЖчәҜКэ
  86          * КдИл : cMode -- ЧӘ»»ДЈКҪ
  87                           cRate -- ЧӘ»»ЦЬЖЪ
  88                           nAVG -- ҫщЦөјЖЛгДЈКҪ
  89          * Кдіц ЈәОЮ
  90          * ЛөГч : ОЮ
  91          ***********************************************************************/
  92          void TMP119_Write_CFG_Register(MOD_Def cMode,uint8_t cRate,AVG_Def nAVG)
  93          {
  94   1              CFG_REG.WORD = 0X00;                                    //ёҙО»јДҙжЖч
  95   1              
  96   1              //1.ЙиЦГЕдЦГјДҙжЖчІОКэ
  97   1              CFG_REG.BIT.MOD1_0 = cMode;                             //ЧӘ»»ДЈКҪ
  98   1              CFG_REG.BIT.CONV2_0 = cRate;                    //ЧӘ»»ЦЬЖЪ
  99   1              CFG_REG.BIT.AVG1_0 = nAVG;                              //ҫщЦөјЖЛгДЈКҪ
 100   1              CFG_REG.BIT.T_nA = 0;                                   //ұЁҫҜДЈКҪ
 101   1              CFG_REG.BIT.POL = 0;                                    //өНөзЖҪУРР§
 102   1              CFG_REG.BIT.DR_Alert = 0;                               //ALERT ТэҪЕ·ҙУіҫҜұЁұкЦҫөДЧҙМ¬
 103   1              CFG_REG.BIT.NA = 0;                                             //ОҙК№УГЈ¬ЦұҪУёіЦө0
 104   1      
 105   1              //2.РҙИлЕдЦГјДҙжЖч
 106   1              TMP119_Write_Register(TMP_SLA,REG_Configuration,CFG_REG.WORD);          
 107   1      }
 108          /**********************************************************************
 109          * ГыіЖ : TMP119_Write_TL_Limit_Register(REG_Def nReg,float Temp)
 110          * №ҰДЬ : ОВ¶ИЙП/ПВПЮЙиЦГәҜКэ
 111          * КдИл : nReg -- јДҙжЖч
 112                           Temp -- ОВ¶ИЦө
 113          * Кдіц ЈәОЮ
 114          * ЛөГч : ОЮ
 115          ***********************************************************************/
C51 COMPILER V8.08   TMP119_EVM                                                            12/15/2025 19:53:30 PAGE 3   

 116          void TMP119_Write_TL_Limit_Register(REG_Def nReg,float Temp)
 117          {
 118   1              if(nReg == REG_THigh_Limit || nReg == REG_TLow_Limit)
 119   1              {
 120   2                      TMP119_Write_Register(TMP_SLA,nReg,(int16_t)((float)Temp / TEMP_LSB));  //РҙИлјДҙжЖч    
 121   2              }
 122   1      }
 123          /**********************************************************************
 124          * ГыіЖ : TMP119_Write_EEPROM(REG_Def nReg,uint16_t value)
 125          * №ҰДЬ : РҙEEPROMјДҙжЖчәҜКэ
 126          * КдИл : nReg -- јДҙжЖч
 127                           value -- КэҫЭ
 128          * Кдіц ЈәЧҙМ¬Јә0 -- іЙ№ҰЈ¬1 -- К§°Ь
 129          * ЛөГч : ОЮ
 130          ***********************************************************************/
 131          uint8_t TMP119_Write_EEPROM(REG_Def nReg,uint16_t value)
 132          {
 133   1              EEPROM_UL_REG.WORD = 0x00;                              //ёҙО»јДҙжЖч
 134   1              if(nReg == REG_EEPROM2 || nReg == REG_EEPROM3)          //ОӘЦ§іЦNISTөДҝЙЧ·ЛЭРФЈ¬ЗРОр¶ФEEPROM1ҪшРРұаіМ
 135   1              {
 136   2                      EEPROM_UL_REG.BIT.EUN = 1;                      //ҪвЛш  
 137   2                      TMP119_Write_Register(TMP_SLA,REG_EEPROM_UL,EEPROM_UL_REG.WORD);                //РҙИлјДҙжЖчөИҙэҪвЛшіЙ№Ұ
 138   2                      delay_ms(8);                                            //өИҙэ8ms
 139   2                      EEPROM_UL_REG.WORD = TMP119_Read_Register(TMP_SLA,REG_EEPROM_UL);               //»Ш¶БјДҙжЖчөДЦө
 140   2                      if(EEPROM_UL_REG.BIT.EEPROM_Busy == 0)                  //ҪвЛшіЙ№Ұ
 141   2                      {
 142   3                              TMP119_Write_Register(TMP_SLA,nReg,value);      //ұаіМEEPROM
 143   3                      }
 144   2                      else return 1;                                          //ҪвЛшК§°Ь
 145   2              }
 146   1              return 0;
 147   1      }
 148          /**********************************************************************
 149          * ГыіЖ : TMP119_Read_EEPROM(REG_Def nReg)
 150          * №ҰДЬ : ¶БEEPROMјДҙжЖчәҜКэ
 151          * КдИл : nReg -- јДҙжЖч
 152          * Кдіц ЈәEEPROMКэҫЭ
 153          * ЛөГч : ОЮ
 154          ***********************************************************************/
 155          uint16_t TMP119_Read_EEPROM(REG_Def nReg)
 156          {
 157   1              if(nReg == REG_EEPROM1 || nReg == REG_EEPROM2 || nReg == REG_EEPROM3)           
 158   1              {
 159   2                      return(TMP119_Read_Register(TMP_SLA,nReg));//¶БИЎEEPROMКэҫЭ
 160   2              }       
 161   1              else return 0;
 162   1      }
 163          /**********************************************************************
 164          * ГыіЖ : TMP119_Write_Temp_Offset_Register(float Temp)
 165          * №ҰДЬ : РҙОВ¶ИЖ«ТЖјДҙжЖч
 166          * КдИл : Temp -- ОВ¶ИЦө
 167          * Кдіц ЈәОЮ
 168          * ЛөГч : ОЮ
 169          ***********************************************************************/
 170          void TMP119_Write_Temp_Offset_Register(float Temp)
 171          {
 172   1              TMP119_Write_Register(TMP_SLA,REG_Temp_Offset,(int16_t)((float)Temp / TEMP_LSB));
 173   1      }
 174          /**********************************************************************
 175          * ГыіЖ : TMP119_Read_Device_ID(void)
 176          * №ҰДЬ : ¶БИЎРҫЖ¬IDәЕ
 177          * КдИл : ОЮ
C51 COMPILER V8.08   TMP119_EVM                                                            12/15/2025 19:53:30 PAGE 4   

 178          * Кдіц ЈәIDәЕ(Д¬ИП0x117)
 179          * ЛөГч : ОЮ
 180          ***********************************************************************/
 181          uint16_t TMP119_Read_Device_ID(void)
 182          {
 183   1              return TMP119_Read_Register(TMP_SLA,REG_Device_ID);
 184   1      }
 185          /**********************************************************************
 186          * ГыіЖ : TMP_Initl(void)
 187          * №ҰДЬ : TMP119іхКј»ҜәҜКэ
 188          * КдИл : ОЮ
 189          * Кдіц ЈәОЮ
 190          * ЛөГч : ОЮ
 191          ***********************************************************************/
 192          void TMP_Initl(void)
 193          {
 194   1              //1.ёҙО»РҫЖ¬
 195   1              TMP119_SoftReset();                     delay_ms(10);
 196   1              
 197   1              //2.іхКј»ҜTMP119
 198   1              TMP119_Write_CFG_Register(CC1_MODE,0,AVG_32);   //0.5SКдіцТ»ёц(ІОҝјРҫЖ¬КЦІбЈ¬ұн 7-7. CC ДЈКҪПВөДЧӘ»»ЦЬЖЪКұј
             -д)        
 199   1      }
 200          /**********************************************************************
 201          * ГыіЖ : TMP119_Data_Ready(void)
 202          * №ҰДЬ : TMP119ЧӘ»»НкіЙјмІв
 203          * КдИл : ОЮ
 204          * Кдіц ЈәОЮ
 205          * ЛөГч : 0 -- ЧӘ»»НкіЙ,1 -- ХэФЪЧӘ»»
 206          ***********************************************************************/
 207          uint8_t TMP119_Data_Ready(void)
 208          {
 209   1              if((TMP119_Read_Register(TMP_SLA,REG_Configuration) & 0x2000) == 0x2000)
 210   1                      return 1;
 211   1              else return 0;
 212   1      }
 213          /**********************************************************************
 214          * ГыіЖ : TMP119_Read_Temperature(void)
 215          * №ҰДЬ : TMP119ОВ¶И¶БИЎәҜКэ
 216          * КдИл : ОЮ
 217          * Кдіц ЈәОЮ
 218          * ЛөГч : ОЮ
 219          ***********************************************************************/
 220          float TMP119_Read_Temperature(void)
 221          {
 222   1              int16_t reg_value = 0x00;
 223   1              
 224   1              while(TMP119_Data_Ready() != 0);                //өИҙэЧӘ»»НкіЙ
 225   1              reg_value = TMP119_Read_Register(TMP_SLA,REG_Temp_Result);
 226   1      
 227   1              return (float)(reg_value * TEMP_LSB);   //ЧӘ»»іЙОВ¶ИКдіц
 228   1      }
 229          
 230          
 231          
 232          
 233          
 234          


MODULE INFORMATION:   STATIC OVERLAYABLE
   CODE SIZE        =    523    ----
C51 COMPILER V8.08   TMP119_EVM                                                            12/15/2025 19:53:30 PAGE 5   

   CONSTANT SIZE    =   ----    ----
   XDATA SIZE       =     21      15
   PDATA SIZE       =   ----    ----
   DATA SIZE        =   ----    ----
   IDATA SIZE       =   ----    ----
   BIT SIZE         =   ----    ----
END OF MODULE INFORMATION.


C51 COMPILATION COMPLETE.  0 WARNING(S),  0 ERROR(S)
